<?xml version="1.0" encoding="UTF-8"?>
<!-- Generated by org.testng.reporters.JUnitReportReporter -->
<testsuite hostname="RAY" failures="0" tests="1" name="cars.Ferrari" time="8.515" errors="0" timestamp="2024-10-18T13:51:00 IST" skipped="0">
  <testcase classname="cars.Ferrari" name="launch" time="8.515"/>
  <system-out>
    <![CDATA[Ferrari launch successful]]>
  </system-out>
</testsuite> <!-- cars.Ferrari -->
