<?xml version="1.0" encoding="UTF-8"?>
<!-- Generated by org.testng.reporters.JUnitReportReporter -->
<testsuite hostname="RAY" failures="0" tests="2" name="configuration__annotations.ConfigurationAannotation" time="0.010" errors="0" timestamp="2024-10-19T13:43:19 IST" skipped="0">
  <testcase classname="configuration__annotations.ConfigurationAannotation" name="demo" time="0.008"/>
  <system-out>
    <![CDATA[@Test demo test case execute]]>
  </system-out>
  <testcase classname="configuration__annotations.ConfigurationAannotation" name="semple" time="0.002"/>
  <system-out>
    <![CDATA[@Test semple]]>
  </system-out>
</testsuite> <!-- configuration__annotations.ConfigurationAannotation -->
