<?xml version="1.0" encoding="UTF-8"?>
<!-- Generated by org.testng.reporters.JUnitReportReporter -->
<testsuite hostname="RAY" failures="0" tests="1" name="testNG.TestScript" time="7.224" errors="0" timestamp="2024-10-22T13:57:19 IST" skipped="0">
  <testcase classname="testNG.TestScript" name="clickOnBooks" time="7.224"/>
  <system-out>
    <![CDATA[Book page is displayed]]>
  </system-out>
</testsuite> <!-- testNG.TestScript -->
