<?xml version="1.0" encoding="UTF-8"?>
<!-- Generated by org.testng.reporters.JUnitReportReporter -->
<testsuite hostname="RAY" failures="0" tests="1" name="actions.JavaCondition" time="12.329" errors="0" timestamp="2024-10-23T13:21:05 IST" skipped="0">
  <testcase classname="actions.JavaCondition" name="lonin" time="12.329"/>
  <system-out>
    <![CDATA[welcome page is displayed
login page is displayed
home page is displayed]]>
  </system-out>
</testsuite> <!-- actions.JavaCondition -->
