<?xml version="1.0" encoding="UTF-8"?>
<!-- Generated by org.testng.reporters.JUnitReportReporter -->
<testsuite hostname="RAY" failures="0" tests="3" name="testNG.Semple" time="0.014" errors="0" timestamp="2024-10-17T12:58:31 IST" skipped="0">
  <testcase classname="testNG.Semple" name="semple" time="0.001"/>
  <system-out>
    <![CDATA[semple block]]>
  </system-out>
  <testcase classname="testNG.Semple" name="add" time="0.012"/>
  <system-out>
    <![CDATA[add block]]>
  </system-out>
  <testcase classname="testNG.Semple" name="raj" time="0.001"/>
  <system-out>
    <![CDATA[raj block]]>
  </system-out>
</testsuite> <!-- testNG.Semple -->
