<?xml version="1.0" encoding="UTF-8"?>
<!-- Generated by org.testng.reporters.JUnitReportReporter -->
<testsuite hostname="RAY" failures="0" tests="1" name="cars.Jaguar" time="11.362" errors="0" timestamp="2024-10-18T13:39:13 IST" skipped="0">
  <testcase classname="cars.Jaguar" name="launch" time="11.362"/>
  <system-out>
    <![CDATA[jaguar launch successful]]>
  </system-out>
</testsuite> <!-- cars.Jaguar -->
