<?xml version="1.0" encoding="UTF-8"?>
<!-- Generated by org.testng.reporters.JUnitReportReporter -->
<testsuite hostname="RAY" failures="0" tests="1" name="assertion.ToLearnSoftAssert" time="8.342" errors="0" timestamp="2024-10-23T13:42:05 IST" skipped="0">
  <testcase classname="assertion.ToLearnSoftAssert" name="login" time="8.342"/>
  <system-out>
    <![CDATA[welcome page is displayed
login page is displayed
home page is displayed]]>
  </system-out>
</testsuite> <!-- assertion.ToLearnSoftAssert -->
