<?xml version="1.0" encoding="UTF-8"?>
<!-- Generated by org.testng.reporters.JUnitReportReporter -->
<testsuite hostname="RAY" failures="0" tests="5" name="testNG.AnnotationAttributes" time="21.057" errors="0" timestamp="2024-10-17T13:55:12 IST" skipped="1">
  <testcase classname="testNG.AnnotationAttributes" name="register" time="6.197"/>
  <system-out>
    <![CDATA[register excute]]>
  </system-out>
  <testcase classname="testNG.AnnotationAttributes" name="register" time="3.700"/>
  <system-out>
    <![CDATA[register excute]]>
  </system-out>
  <testcase classname="testNG.AnnotationAttributes" name="register" time="5.697"/>
  <system-out>
    <![CDATA[register excute]]>
  </system-out>
  <testcase classname="testNG.AnnotationAttributes" name="register" time="5.463"/>
  <system-out>
    <![CDATA[register excute]]>
  </system-out>
  <testcase classname="testNG.AnnotationAttributes" name="login">
    <skipped/>
  </testcase> <!-- login -->
  <system-out/>
</testsuite> <!-- testNG.AnnotationAttributes -->
