<?xml version="1.0" encoding="UTF-8"?>
<!-- Generated by org.testng.reporters.JUnitReportReporter -->
<testsuite hostname="RAY" failures="0" tests="1" name="testNG.TolearnTestNG" time="0.018" errors="0" timestamp="2024-10-16T13:57:47 IST" skipped="0">
  <testcase classname="testNG.TolearnTestNG" name="demo" time="0.018"/>
  <system-out>
    <![CDATA[Welcome to Selenium]]>
  </system-out>
</testsuite> <!-- testNG.TolearnTestNG -->
