<?xml version="1.0" encoding="UTF-8"?>
<!-- Generated by org.testng.reporters.JUnitReportReporter -->
<testsuite hostname="RAY" failures="0" tests="1" name="cars.Roycemotorcars" time="9.944" errors="0" timestamp="2024-10-18T13:39:13 IST" skipped="0">
  <testcase classname="cars.Roycemotorcars" name="launch" time="9.944"/>
  <system-out>
    <![CDATA[roycemotorcars launch successful]]>
  </system-out>
</testsuite> <!-- cars.Roycemotorcars -->
