<?xml version="1.0" encoding="UTF-8"?>
<!-- Generated by org.testng.reporters.JUnitReportReporter -->
<testsuite hostname="RAY" failures="0" tests="6" name="exercises.Demo" time="0.033" errors="0" timestamp="2024-10-18T09:28:16 IST" skipped="0">
  <testcase classname="exercises.Demo" name="creatAccount" time="0.019"/>
  <system-out>
    <![CDATA[Account Creation Done]]>
  </system-out>
  <testcase classname="exercises.Demo" name="creatAccount" time="0.003"/>
  <system-out>
    <![CDATA[Account Creation Done]]>
  </system-out>
  <testcase classname="exercises.Demo" name="editAccount" time="0.002"/>
  <system-out>
    <![CDATA[account Edited]]>
  </system-out>
  <testcase classname="exercises.Demo" name="editAccount" time="0.004"/>
  <system-out>
    <![CDATA[account Edited]]>
  </system-out>
  <testcase classname="exercises.Demo" name="editAccount" time="0.003"/>
  <system-out>
    <![CDATA[account Edited]]>
  </system-out>
  <testcase classname="exercises.Demo" name="deletAccount" time="0.002"/>
  <system-out>
    <![CDATA[Account Deleted]]>
  </system-out>
</testsuite> <!-- exercises.Demo -->
