<?xml version="1.0" encoding="UTF-8"?>
<!-- Generated by org.testng.reporters.JUnitReportReporter -->
<testsuite hostname="RAY" failures="0" tests="4" name="dataProvider.ToLearnDataProvider" time="35.833" errors="0" timestamp="2024-10-24T13:35:53 IST" skipped="0">
  <testcase classname="dataProvider.ToLearnDataProvider" name="login" time="8.258"/>
  <system-out/>
  <testcase classname="dataProvider.ToLearnDataProvider" name="login" time="10.429"/>
  <system-out/>
  <testcase classname="dataProvider.ToLearnDataProvider" name="login" time="7.850"/>
  <system-out/>
  <testcase classname="dataProvider.ToLearnDataProvider" name="login" time="9.296"/>
  <system-out/>
</testsuite> <!-- dataProvider.ToLearnDataProvider -->
