<?xml version="1.0" encoding="UTF-8"?>
<!-- Generated by org.testng.reporters.JUnitReportReporter -->
<testsuite hostname="RAY" failures="0" tests="1" name="cars.Lamborghini" time="5.658" errors="0" timestamp="2024-10-18T13:51:00 IST" skipped="0">
  <testcase classname="cars.Lamborghini" name="launch" time="5.658"/>
  <system-out>
    <![CDATA[lamborghini launch successful]]>
  </system-out>
</testsuite> <!-- cars.Lamborghini -->
